Operate: [2015-December-07 Monday, 01:37:06] 登录系统！
Operate: [2015-December-07 Monday, 01:37:09] 注销系统！
Operate: [2015-December-07 Monday, 15:13:04] 登录系统！
Operate: [2015-December-07 Monday, 15:15:02] 注销系统！
Operate: [2015-December-08 Tuesday, 13:18:52] 登录系统！
Operate: [2015-December-08 Tuesday, 13:21:01] 注销系统！
Operate: [2015-December-08 Tuesday, 13:23:02] 登录系统！
Operate: [2015-December-08 Tuesday, 13:25:05] 注销系统！
Operate: [2015-December-08 Tuesday, 17:09:48] 登录系统！
Operate: [2015-December-08 Tuesday, 17:10:31] 注销系统！
Operate: [2015-December-08 Tuesday, 17:11:41] 登录系统！
Operate: [2015-December-08 Tuesday, 17:12:53] 注销系统！
Operate: [2015-December-08 Tuesday, 17:18:11] 登录系统！
Operate: [2015-December-08 Tuesday, 17:18:54] 注销系统！
Operate: [2015-December-08 Tuesday, 17:19:45] 登录系统！
Operate: [2015-December-08 Tuesday, 17:20:50] 注销系统！
Operate: [2015-December-08 Tuesday, 17:21:14] 登录系统！
Operate: [2015-December-08 Tuesday, 17:21:55] 注销系统！
Operate: [2015-December-08 Tuesday, 17:22:23] 登录系统！
Operate: [2015-December-08 Tuesday, 17:23:06] 注销系统！
Operate: [2015-December-08 Tuesday, 17:23:21] 登录系统！
Operate: [2015-December-08 Tuesday, 17:23:54] 注销系统！
Operate: [2015-December-08 Tuesday, 17:24:56] 登录系统！
Operate: [2015-December-08 Tuesday, 17:25:28] 注销系统！
Operate: [2015-December-15 Tuesday, 15:45:36] 登录系统！
Operate: [2015-December-15 Tuesday, 15:47:14] 注销系统！
Operate: [2015-December-15 Tuesday, 15:47:16] 登录系统！
Operate: [2015-December-15 Tuesday, 15:51:07] 登录系统！
Operate: [2015-December-15 Tuesday, 15:51:22] 注销系统！
Operate: [2015-December-15 Tuesday, 16:08:34] 登录系统！
Operate: [2015-December-15 Tuesday, 16:15:08] 登录系统！
Operate: [2015-December-15 Tuesday, 16:16:29] 注销系统！
Operate: [2015-December-17 Thursday, 18:58:18] 登录系统！
Operate: [2015-December-17 Thursday, 18:59:14] 注销系统！
Operate: [2015-December-17 Thursday, 18:59:39] 登录系统！
Operate: [2015-December-17 Thursday, 19:01:37] 登录系统！
Operate: [2015-December-17 Thursday, 19:04:05] 登录系统！
Operate: [2015-December-17 Thursday, 19:05:19] 注销系统！
Operate: [2015-December-17 Thursday, 19:06:19] 登录系统！
Operate: [2015-December-17 Thursday, 19:07:40] 注销系统！
Operate: [2015-December-17 Thursday, 19:08:08] 登录系统！
Operate: [2015-December-17 Thursday, 19:09:15] 注销系统！
Operate: [2015-December-17 Thursday, 19:10:02] 登录系统！
Operate: [2015-December-17 Thursday, 19:11:33] 注销系统！
Operate: [2016-January-09 Saturday, 13:45:07] 登录系统！
Operate: [2016-January-09 Saturday, 13:45:47] 注销系统！
Operate: [2016-January-09 Saturday, 13:58:04] 登录系统！
Operate: [2016-January-09 Saturday, 13:58:53] 注销系统！
Operate: [2016-January-09 Saturday, 13:59:59] 登录系统！
Operate: [2016-January-09 Saturday, 14:00:04] 注销系统！
Operate: [2016-January-09 Saturday, 14:00:43] 登录系统！
Operate: [2016-January-09 Saturday, 14:01:12] 注销系统！
Operate: [2016-January-09 Saturday, 14:03:43] 登录系统！
Operate: [2016-January-09 Saturday, 14:04:17] 注销系统！
Operate: [2016-January-09 Saturday, 14:10:00] 登录系统！
Operate: [2016-January-09 Saturday, 14:10:32] 注销系统！
Operate: [2016-January-09 Saturday, 14:11:23] 登录系统！
Operate: [2016-January-09 Saturday, 14:11:53] 注销系统！
Operate: [2016-January-09 Saturday, 14:16:45] 登录系统！
Operate: [2016-January-09 Saturday, 14:17:10] 注销系统！
Operate: [2016-January-09 Saturday, 14:19:35] 登录系统！
Operate: [2016-January-09 Saturday, 14:20:26] 注销系统！
Operate: [2016-January-09 Saturday, 14:21:33] 登录系统！
Operate: [2016-January-09 Saturday, 14:23:46] 登录系统！
Operate: [2016-January-09 Saturday, 14:23:48] 注销系统！
Operate: [2016-January-09 Saturday, 14:24:03] 登录系统！
Operate: [2016-January-09 Saturday, 14:24:37] 注销系统！
Operate: [2016-January-09 Saturday, 16:55:38] 登录系统！
Operate: [2016-January-09 Saturday, 16:56:19] 注销系统！
Operate: [2016-January-09 Saturday, 16:58:07] 登录系统！
Operate: [2016-January-09 Saturday, 16:58:57] 注销系统！
Operate: [2016-January-09 Saturday, 21:58:27] 登录系统！
Operate: [2016-January-09 Saturday, 22:00:34] 登录系统！
Operate: [2016-January-09 Saturday, 22:01:49] 登录系统！
Operate: [2016-January-09 Saturday, 22:08:31] 登录系统！
Operate: [2016-January-09 Saturday, 22:13:56] 登录系统！
Operate: [2016-January-09 Saturday, 22:14:50] 注销系统！
Operate: [2016-January-09 Saturday, 22:18:27] 登录系统！
Operate: [2016-January-09 Saturday, 22:19:10] 注销系统！
Operate: [2016-January-09 Saturday, 22:20:10] 登录系统！
Operate: [2016-January-09 Saturday, 22:20:53] 注销系统！
Operate: [2016-January-09 Saturday, 22:23:27] 登录系统！
Operate: [2016-January-09 Saturday, 22:24:08] 注销系统！
Operate: [2016-January-12 Tuesday, 00:12:10] 登录系统！
Operate: [2016-January-12 Tuesday, 00:13:51] 登录系统！
Operate: [2016-January-12 Tuesday, 00:13:54] 注销系统！
Operate: [2016-January-12 Tuesday, 00:13:56] 登录系统！
Operate: [2016-January-12 Tuesday, 00:15:00] 登录系统！
Operate: [2016-January-12 Tuesday, 00:16:10] 登录系统！
Operate: [2016-January-12 Tuesday, 00:16:13] 注销系统！
Operate: [2016-January-12 Tuesday, 00:16:21] 登录系统！
Operate: [2016-January-12 Tuesday, 00:18:09] 登录系统！
Operate: [2016-January-12 Tuesday, 00:18:15] 注销系统！
Operate: [2016-January-12 Tuesday, 00:18:35] 登录系统！
Operate: [2016-January-12 Tuesday, 00:19:16] 登录系统！
Operate: [2016-January-12 Tuesday, 00:19:27] 注销系统！
Operate: [2016-January-12 Tuesday, 00:38:10] 登录系统！
Operate: [2016-January-12 Tuesday, 00:38:39] 登录系统！
Operate: [2016-January-12 Tuesday, 00:44:23] 登录系统！
Operate: [2016-January-12 Tuesday, 00:44:45] 登录系统！
Operate: [2016-January-12 Tuesday, 00:45:14] 登录系统！
Operate: [2016-January-12 Tuesday, 00:45:38] 登录系统！
Operate: [2016-January-12 Tuesday, 00:45:59] 登录系统！
Operate: [2016-January-12 Tuesday, 00:51:00] 登录系统！
Operate: [2016-January-12 Tuesday, 00:51:35] 登录系统！
Operate: [2016-January-12 Tuesday, 00:51:40] 注销系统！
Operate: [2016-January-12 Tuesday, 00:52:09] 登录系统！
Operate: [2016-January-12 Tuesday, 00:55:45] 登录系统！
Operate: [2016-January-12 Tuesday, 00:56:14] 登录系统！
Operate: [2016-January-12 Tuesday, 00:56:48] 登录系统！
Operate: [2016-January-12 Tuesday, 00:58:16] 登录系统！
Operate: [2016-January-12 Tuesday, 00:59:38] 登录系统！
Operate: [2016-January-12 Tuesday, 00:59:51] 登录系统！
Operate: [2016-January-12 Tuesday, 01:02:00] 登录系统！
Operate: [2016-January-12 Tuesday, 01:05:06] 登录系统！
Operate: [2016-January-12 Tuesday, 01:09:27] 登录系统！
Operate: [2016-January-12 Tuesday, 01:09:36] 注销系统！
Operate: [2016-January-12 Tuesday, 01:10:21] 登录系统！
Operate: [2016-January-12 Tuesday, 01:10:29] 注销系统！
Operate: [2016-January-12 Tuesday, 01:10:42] 登录系统！
Operate: [2016-January-12 Tuesday, 01:11:31] 登录系统！
Operate: [2016-January-12 Tuesday, 01:11:49] 注销系统！
Operate: [2016-January-12 Tuesday, 01:12:28] 登录系统！
Operate: [2016-January-12 Tuesday, 01:12:31] 注销系统！
Operate: [2016-January-12 Tuesday, 01:13:41] 登录系统！
Operate: [2016-January-12 Tuesday, 01:13:53] 注销系统！
Operate: [2016-January-12 Tuesday, 01:14:04] 登录系统！
Operate: [2016-January-12 Tuesday, 01:14:12] 注销系统！
Operate: [2016-January-12 Tuesday, 01:16:43] 登录系统！
Operate: [2016-January-12 Tuesday, 01:17:12] 注销系统！
Operate: [2016-January-12 Tuesday, 01:17:23] 登录系统！
Operate: [2016-January-12 Tuesday, 01:17:41] 注销系统！
Operate: [2016-January-12 Tuesday, 01:18:04] 登录系统！
Operate: [2016-January-12 Tuesday, 01:18:14] 注销系统！
Operate: [2016-January-12 Tuesday, 21:35:50] 登录系统！
Operate: [2016-January-12 Tuesday, 21:36:27] 登录系统！
Operate: [2016-January-12 Tuesday, 21:38:01] 登录系统！
Operate: [2016-January-12 Tuesday, 21:38:24] 注销系统！
Operate: [2016-January-12 Tuesday, 21:39:28] 登录系统！
Operate: [2016-January-12 Tuesday, 21:40:38] 登录系统！
Operate: [2016-January-12 Tuesday, 21:42:20] 登录系统！
Operate: [2016-January-12 Tuesday, 21:42:36] 注销系统！
Operate: [2016-January-12 Tuesday, 21:59:58] 登录系统！
Operate: [2016-January-12 Tuesday, 22:01:03] 登录系统！
Operate: [2016-January-12 Tuesday, 22:01:09] 注销系统！
Operate: [2016-January-12 Tuesday, 22:03:31] 登录系统！
Operate: [2016-January-12 Tuesday, 22:03:39] 注销系统！
Operate: [2016-January-12 Tuesday, 22:04:15] 登录系统！
Operate: [2016-January-12 Tuesday, 22:07:39] 注销系统！
Operate: [2016-January-13 Wednesday, 10:17:10] 登录系统！
Operate: [2016-January-13 Wednesday, 10:17:57] 注销系统！
Operate: [2016-January-13 Wednesday, 10:18:47] 登录系统！
Operate: [2016-January-13 Wednesday, 10:20:16] 注销系统！
Operate: [2016-January-13 Wednesday, 10:21:26] 登录系统！
Operate: [2016-January-13 Wednesday, 10:23:09] 注销系统！
Operate: [2016-January-13 Wednesday, 10:25:31] 登录系统！
Operate: [2016-January-13 Wednesday, 10:26:07] 注销系统！
Operate: [2016-January-13 Wednesday, 10:26:20] 登录系统！
Operate: [2016-January-13 Wednesday, 10:27:11] 注销系统！
Operate: [2016-January-13 Wednesday, 10:27:35] 登录系统！
Operate: [2016-January-13 Wednesday, 10:28:29] 注销系统！
Operate: [2016-January-16 Saturday, 11:27:34] 登录系统！
Operate: [2016-January-16 Saturday, 11:28:15] 注销系统！
Operate: [2016-January-16 Saturday, 16:13:23] 登录系统！
Operate: [2016-January-16 Saturday, 16:15:02] 车卡号：1212121212121 没有违规操作！
Operate: [2016-January-16 Saturday, 16:15:44] 车卡号：0987654321 进行了违规操作！
Operate: [2016-January-16 Saturday, 16:15:51] 注销系统！
