D:\内蒙古项目\COALMONITOR\CLIENTCODE\CLIENTCODE\CLIENTCODE\DEBUG\CLIENTCODE.PCH
D:\内蒙古项目\COALMONITOR\CLIENTCODE\CLIENTCODE\CLIENTCODE\DEBUG\STDAFX.OBJ
D:\内蒙古项目\COALMONITOR\CLIENTCODE\CLIENTCODE\CLIENTCODE\DEBUG\VC110.PDB
D:\内蒙古项目\COALMONITOR\CLIENTCODE\CLIENTCODE\CLIENTCODE\DEBUG\CARCARDINFO.OBJ
D:\内蒙古项目\COALMONITOR\CLIENTCODE\CLIENTCODE\CLIENTCODE\DEBUG\CLIENTCODE.OBJ
D:\内蒙古项目\COALMONITOR\CLIENTCODE\CLIENTCODE\CLIENTCODE\DEBUG\CONFIGDLG.OBJ
D:\内蒙古项目\COALMONITOR\CLIENTCODE\CLIENTCODE\CLIENTCODE\DEBUG\LOGIN.OBJ
D:\内蒙古项目\COALMONITOR\CLIENTCODE\CLIENTCODE\CLIENTCODE\DEBUG\OPERATEDATABASE.OBJ
D:\内蒙古项目\COALMONITOR\CLIENTCODE\CLIENTCODE\CLIENTCODE\DEBUG\PARASET.OBJ
D:\内蒙古项目\COALMONITOR\CLIENTCODE\CLIENTCODE\CLIENTCODE\DEBUG\READCARCARD.OBJ
D:\内蒙古项目\COALMONITOR\CLIENTCODE\CLIENTCODE\CLIENTCODE\DEBUG\SERIAL.OBJ
D:\内蒙古项目\COALMONITOR\CLIENTCODE\CLIENTCODE\CLIENTCODE\DEBUG\TB_AGREEMENTANDCARCARDINFO.OBJ
D:\内蒙古项目\COALMONITOR\CLIENTCODE\CLIENTCODE\CLIENTCODE\DEBUG\TB_AGREEMENTINFO.OBJ
D:\内蒙古项目\COALMONITOR\CLIENTCODE\CLIENTCODE\CLIENTCODE\DEBUG\TB_CARCHECKINFO.OBJ
D:\内蒙古项目\COALMONITOR\CLIENTCODE\CLIENTCODE\CLIENTCODE\DEBUG\TB_MERCHANTINFO.OBJ
D:\内蒙古项目\COALMONITOR\CLIENTCODE\CLIENTCODE\CLIENTCODE\DEBUG\VIDEOCONFIG.OBJ
D:\内蒙古项目\COALMONITOR\CLIENTCODE\CLIENTCODE\CLIENTCODE\DEBUG\CLIENTCODEDLG.OBJ
D:\内蒙古项目\COALMONITOR\CLIENTCODE\CLIENTCODE\CLIENTCODE\DEBUG\DEVICEOPERATION.OBJ
D:\内蒙古项目\COALMONITOR\CLIENTCODE\CLIENTCODE\CLIENTCODE\DEBUG\WRITECARCARD.OBJ
D:\内蒙古项目\COALMONITOR\CLIENTCODE\CLIENTCODE\DEBUG\CLIENTCODE.ILK
D:\内蒙古项目\COALMONITOR\CLIENTCODE\CLIENTCODE\DEBUG\CLIENTCODE.EXE
D:\内蒙古项目\COALMONITOR\CLIENTCODE\CLIENTCODE\DEBUG\CLIENTCODE.PDB
D:\内蒙古项目\COALMONITOR\CLIENTCODE\CLIENTCODE\CLIENTCODE\DEBUG\CLIENTCODE.RES
D:\内蒙古项目\CoalMonitor\ClientCode\ClientCode\ClientCode\Debug\CarCardInfo.obj
D:\内蒙古项目\CoalMonitor\ClientCode\ClientCode\ClientCode\Debug\ClientCode.obj
D:\内蒙古项目\CoalMonitor\ClientCode\ClientCode\ClientCode\Debug\ClientCodeDlg.obj
D:\内蒙古项目\CoalMonitor\ClientCode\ClientCode\ClientCode\Debug\ConfigDlg.obj
D:\内蒙古项目\CoalMonitor\ClientCode\ClientCode\ClientCode\Debug\DeviceOperation.obj
D:\内蒙古项目\CoalMonitor\ClientCode\ClientCode\ClientCode\Debug\Login.obj
D:\内蒙古项目\CoalMonitor\ClientCode\ClientCode\ClientCode\Debug\OperateDataBase.obj
D:\内蒙古项目\CoalMonitor\ClientCode\ClientCode\ClientCode\Debug\ParaSet.obj
D:\内蒙古项目\CoalMonitor\ClientCode\ClientCode\ClientCode\Debug\ReadCarCard.obj
D:\内蒙古项目\CoalMonitor\ClientCode\ClientCode\ClientCode\Debug\Serial.obj
D:\内蒙古项目\CoalMonitor\ClientCode\ClientCode\ClientCode\Debug\stdafx.obj
D:\内蒙古项目\CoalMonitor\ClientCode\ClientCode\ClientCode\Debug\tb_AgreementAndCarCardInfo.obj
D:\内蒙古项目\CoalMonitor\ClientCode\ClientCode\ClientCode\Debug\tb_AgreementInfo.obj
D:\内蒙古项目\CoalMonitor\ClientCode\ClientCode\ClientCode\Debug\tb_CarCheckInfo.obj
D:\内蒙古项目\CoalMonitor\ClientCode\ClientCode\ClientCode\Debug\tb_MerchantInfo.obj
D:\内蒙古项目\CoalMonitor\ClientCode\ClientCode\ClientCode\Debug\VideoConfig.obj
D:\内蒙古项目\CoalMonitor\ClientCode\ClientCode\ClientCode\Debug\WriteCarCard.obj
D:\内蒙古项目\CoalMonitor\ClientCode\ClientCode\ClientCode\Debug\msado15.tli
D:\内蒙古项目\CoalMonitor\ClientCode\ClientCode\ClientCode\Debug\msado15.tlh
D:\内蒙古项目\CoalMonitor\ClientCode\ClientCode\ClientCode\Debug\cl.command.1.tlog
D:\内蒙古项目\CoalMonitor\ClientCode\ClientCode\ClientCode\Debug\CL.read.1.tlog
D:\内蒙古项目\CoalMonitor\ClientCode\ClientCode\ClientCode\Debug\CL.write.1.tlog
D:\内蒙古项目\CoalMonitor\ClientCode\ClientCode\ClientCode\Debug\link-cvtres.read.1.tlog
D:\内蒙古项目\CoalMonitor\ClientCode\ClientCode\ClientCode\Debug\link-cvtres.write.1.tlog
D:\内蒙古项目\CoalMonitor\ClientCode\ClientCode\ClientCode\Debug\link-mt.read.1.tlog
D:\内蒙古项目\CoalMonitor\ClientCode\ClientCode\ClientCode\Debug\link-mt.write.1.tlog
D:\内蒙古项目\CoalMonitor\ClientCode\ClientCode\ClientCode\Debug\link-rc.read.1.tlog
D:\内蒙古项目\CoalMonitor\ClientCode\ClientCode\ClientCode\Debug\link-rc.write.1.tlog
D:\内蒙古项目\CoalMonitor\ClientCode\ClientCode\ClientCode\Debug\link.command.1.tlog
D:\内蒙古项目\CoalMonitor\ClientCode\ClientCode\ClientCode\Debug\link.read.1.tlog
D:\内蒙古项目\CoalMonitor\ClientCode\ClientCode\ClientCode\Debug\link.write.1.tlog
D:\内蒙古项目\CoalMonitor\ClientCode\ClientCode\ClientCode\Debug\rc.command.1.tlog
D:\内蒙古项目\CoalMonitor\ClientCode\ClientCode\ClientCode\Debug\rc.read.1.tlog
D:\内蒙古项目\CoalMonitor\ClientCode\ClientCode\ClientCode\Debug\rc.write.1.tlog
D:\内蒙古项目\CoalMonitor\ClientCode\ClientCode\ClientCode\Debug\ClientCode.res
D:\内蒙古项目\CoalMonitor\ClientCode\ClientCode\ClientCode\Debug\ClientCode.pch
D:\内蒙古项目\CoalMonitor\ClientCode\ClientCode\ClientCode\Debug\vc110.idb
D:\内蒙古项目\CoalMonitor\ClientCode\ClientCode\ClientCode\Debug\vc110.pdb
D:\内蒙古项目\CoalMonitor\ClientCode\ClientCode\Debug\ClientCode.pdb
D:\内蒙古项目\CoalMonitor\ClientCode\ClientCode\Debug\ClientCode.exe
D:\内蒙古项目\CoalMonitor\ClientCode\ClientCode\Debug\ClientCode.ilk
