Error: [2015-December-06 Sunday, 22:21:41] 绑定失败!
Error: [2015-December-06 Sunday, 22:34:29] 传送数据过程中出现错误！
Error: [2015-December-06 Sunday, 22:45:39] 传送数据过程中出现错误！
Error: [2015-December-06 Sunday, 23:56:38] 传送数据过程中出现错误！
Error: [2015-December-07 Monday, 00:11:06] D:\nmg_Program\CoalMonitor\BSCode\BSCode\CarImages/创建失败！
Error: [2015-December-07 Monday, 01:09:17] 绑定失败!
Error: [2015-December-12 Saturday, 21:37:37] 套接字绑定失败!
Error: [2015-December-12 Saturday, 21:37:40] 套接字绑定失败!
Error: [2015-December-12 Saturday, 21:37:45] 套接字绑定失败!
Error: [2015-December-12 Saturday, 21:37:51] 套接字绑定失败!
Error: [2015-December-12 Saturday, 21:37:53] 套接字绑定失败!
Error: [2015-December-12 Saturday, 21:38:08] 套接字绑定失败!
Error: [2015-December-12 Saturday, 21:38:13] 套接字绑定失败!
Error: [2015-December-12 Saturday, 21:38:41] 套接字绑定失败!
Error: [2015-December-12 Saturday, 21:39:20] 套接字绑定失败!
Error: [2015-December-12 Saturday, 21:40:39] 套接字绑定失败!
Error: [2015-December-12 Saturday, 21:40:49] 套接字绑定失败!
Error: [2015-December-12 Saturday, 21:41:07] 套接字绑定失败!
Error: [2015-December-12 Saturday, 21:41:23] 套接字绑定失败!
Error: [2015-December-12 Saturday, 21:43:10] 套接字绑定失败!
Error: [2015-December-12 Saturday, 21:44:48] 套接字绑定失败!
Error: [2015-December-12 Saturday, 21:46:05] 套接字绑定失败!
Error: [2015-December-12 Saturday, 21:46:08] 套接字绑定失败!
Error: [2015-December-12 Saturday, 21:46:10] 套接字绑定失败!
Error: [2015-December-12 Saturday, 21:46:12] 套接字绑定失败!
Error: [2015-December-12 Saturday, 21:46:14] 套接字绑定失败!
Error: [2015-December-16 Wednesday, 16:49:11] 连接数据库失败！IP=DataBase=uid=pwd=
