Operate: [2015-December-06 Sunday, 22:16:11] 登录系统！
Operate: [2015-December-06 Sunday, 22:18:21] 注销系统！
Operate: [2015-December-06 Sunday, 22:18:55] 登录系统！
Operate: [2015-December-06 Sunday, 22:21:38] 登录系统！
Operate: [2015-December-06 Sunday, 22:21:42] 注销系统！
Operate: [2015-December-06 Sunday, 22:21:53] 注销系统！
Operate: [2015-December-06 Sunday, 22:21:57] 登录系统！
Operate: [2015-December-06 Sunday, 22:31:28] 注销系统！
Operate: [2015-December-06 Sunday, 22:32:02] 登录系统！
Operate: [2015-December-06 Sunday, 22:35:44] 注销系统！
Operate: [2015-December-06 Sunday, 22:37:48] 登录系统！
Operate: [2015-December-06 Sunday, 22:39:54] 登录系统！
Operate: [2015-December-06 Sunday, 22:42:59] 登录系统！
Operate: [2015-December-06 Sunday, 22:45:53] 注销系统！
Operate: [2015-December-06 Sunday, 22:56:21] 登录系统！
Operate: [2015-December-06 Sunday, 22:59:38] 登录系统！
Operate: [2015-December-06 Sunday, 23:01:32] 注销系统！
Operate: [2015-December-06 Sunday, 23:08:20] 登录系统！
Operate: [2015-December-06 Sunday, 23:10:04] 登录系统！
Operate: [2015-December-06 Sunday, 23:10:56] 注销系统！
Operate: [2015-December-06 Sunday, 23:50:31] 登录系统！
Operate: [2015-December-06 Sunday, 23:55:53] 登录系统！
Operate: [2015-December-06 Sunday, 23:57:04] 注销系统！
Operate: [2015-December-06 Sunday, 23:59:32] 登录系统！
Operate: [2015-December-06 Sunday, 23:59:35] 登录系统！
Operate: [2015-December-07 Monday, 00:00:36] 登录系统！
Operate: [2015-December-07 Monday, 00:03:19] 注销系统！
Operate: [2015-December-07 Monday, 00:05:16] 登录系统！
Operate: [2015-December-07 Monday, 00:05:45] 登录系统！
Operate: [2015-December-07 Monday, 00:10:23] 登录系统！
Operate: [2015-December-07 Monday, 00:12:24] 登录系统！
Operate: [2015-December-07 Monday, 00:12:52] 注销系统！
Operate: [2015-December-07 Monday, 00:13:20] 登录系统！
Operate: [2015-December-07 Monday, 00:15:30] 登录系统！
Operate: [2015-December-07 Monday, 00:18:12] 登录系统！
Operate: [2015-December-07 Monday, 00:19:00] 注销系统！
Operate: [2015-December-07 Monday, 00:20:42] 登录系统！
Operate: [2015-December-07 Monday, 01:01:49] 登录系统！
Operate: [2015-December-07 Monday, 01:09:10] 登录系统！
Operate: [2015-December-07 Monday, 01:09:18] 注销系统！
Operate: [2015-December-07 Monday, 01:09:23] 注销系统！
Operate: [2015-December-07 Monday, 01:09:24] 登录系统！
Operate: [2015-December-07 Monday, 01:18:24] 登录系统！
Operate: [2015-December-07 Monday, 01:20:17] 注销系统！
Operate: [2015-December-07 Monday, 15:34:39] 登录系统！
Operate: [2015-December-07 Monday, 15:34:58] 注销系统！
Operate: [2015-December-12 Saturday, 21:37:33] 登录系统！
Operate: [2015-December-12 Saturday, 21:37:54] 注销系统！
Operate: [2015-December-12 Saturday, 21:38:05] 登录系统！
Operate: [2015-December-12 Saturday, 21:38:15] 注销系统！
Operate: [2015-December-12 Saturday, 21:38:38] 登录系统！
Operate: [2015-December-12 Saturday, 21:38:42] 注销系统！
Operate: [2015-December-12 Saturday, 21:39:18] 登录系统！
Operate: [2015-December-12 Saturday, 21:39:21] 注销系统！
Operate: [2015-December-12 Saturday, 21:40:10] 登录系统！
Operate: [2015-December-12 Saturday, 21:40:33] 登录系统！
Operate: [2015-December-12 Saturday, 21:40:40] 注销系统！
Operate: [2015-December-12 Saturday, 21:40:41] 登录系统！
Operate: [2015-December-12 Saturday, 21:40:47] 登录系统！
Operate: [2015-December-12 Saturday, 21:40:49] 注销系统！
Operate: [2015-December-12 Saturday, 21:41:05] 登录系统！
Operate: [2015-December-12 Saturday, 21:41:07] 注销系统！
Operate: [2015-December-12 Saturday, 21:41:19] 登录系统！
Operate: [2015-December-12 Saturday, 21:41:24] 注销系统！
Operate: [2015-December-12 Saturday, 21:43:08] 登录系统！
Operate: [2015-December-12 Saturday, 21:43:11] 注销系统！
Operate: [2015-December-12 Saturday, 21:44:45] 登录系统！
Operate: [2015-December-12 Saturday, 21:44:49] 注销系统！
Operate: [2015-December-12 Saturday, 21:46:01] 登录系统！
Operate: [2015-December-12 Saturday, 21:46:15] 注销系统！
Operate: [2015-December-13 Sunday, 21:19:53] 登录系统！
Operate: [2015-December-13 Sunday, 21:20:01] 注销系统！
Operate: [2015-December-16 Wednesday, 16:34:36] 登录系统！
Operate: [2015-December-16 Wednesday, 16:37:31] 注销系统！
Operate: [2015-December-16 Wednesday, 16:37:34] 登录系统！
Operate: [2015-December-16 Wednesday, 16:43:31] 登录系统！
Operate: [2015-December-16 Wednesday, 16:47:22] 登录系统！
Operate: [2015-December-16 Wednesday, 16:51:55] 登录系统！
Operate: [2015-December-16 Wednesday, 16:52:42] 注销系统！
